This is pdfTeX, Version 3.14159265-2.6-1.40.20 (MiKTeX 2.9.7200 64-bit) (preloaded format=pdflatex 2019.10.14)  14 JAN 2020 11:01
entering extended mode
**./documentatie.tex
(documentatie.tex
LaTeX2e <2019-10-01>
("C:\Users\radum\AppData\Local\Programs\MiKTeX 2.9\tex/latex/base\article.cls"
Document Class: article 2019/08/27 v1.4j Standard LaTeX document class
("C:\Users\radum\AppData\Local\Programs\MiKTeX 2.9\tex/latex/base\size12.clo"
File: size12.clo 2019/08/27 v1.4j Standard LaTeX file (size option)
)
\c@part=\count80
\c@section=\count81
\c@subsection=\count82
\c@subsubsection=\count83
\c@paragraph=\count84
\c@subparagraph=\count85
\c@figure=\count86
\c@table=\count87
\abovecaptionskip=\skip41
\belowcaptionskip=\skip42
\bibindent=\dimen102
)
("C:\Users\radum\AppData\Local\Programs\MiKTeX 2.9\tex/latex/geometry\geometry.
sty"
Package: geometry 2018/04/16 v5.8 Page Geometry

("C:\Users\radum\AppData\Local\Programs\MiKTeX 2.9\tex/latex/graphics\keyval.st
y"
Package: keyval 2014/10/28 v1.15 key=value parser (DPC)
\KV@toks@=\toks14
)
("C:\Users\radum\AppData\Local\Programs\MiKTeX 2.9\tex/generic/oberdiek\ifpdf.s
ty"
Package: ifpdf 2018/09/07 v3.3 Provides the ifpdf switch
)
("C:\Users\radum\AppData\Local\Programs\MiKTeX 2.9\tex/generic/oberdiek\ifvtex.
sty"
Package: ifvtex 2016/05/16 v1.6 Detect VTeX and its facilities (HO)
Package ifvtex Info: VTeX not detected.
)
("C:\Users\radum\AppData\Local\Programs\MiKTeX 2.9\tex/generic/ifxetex\ifxetex.
sty"
Package: ifxetex 2010/09/12 v0.6 Provides ifxetex conditional
)
\Gm@cnth=\count88
\Gm@cntv=\count89
\c@Gm@tempcnt=\count90
\Gm@bindingoffset=\dimen103
\Gm@wd@mp=\dimen104
\Gm@odd@mp=\dimen105
\Gm@even@mp=\dimen106
\Gm@layoutwidth=\dimen107
\Gm@layoutheight=\dimen108
\Gm@layouthoffset=\dimen109
\Gm@layoutvoffset=\dimen110
\Gm@dimlist=\toks15

("C:\Users\radum\AppData\Local\Programs\MiKTeX 2.9\tex/latex/geometry\geometry.
cfg"))
("C:\Users\radum\AppData\Local\Programs\MiKTeX 2.9\tex/latex/titling\titling.st
y"
Package: titling 2009/09/04 v2.1d maketitle typesetting
\thanksmarkwidth=\skip43
\thanksmargin=\skip44
\droptitle=\skip45
)
("C:\Users\radum\AppData\Local\Programs\MiKTeX 2.9\tex/latex/tools\indentfirst.
sty"
Package: indentfirst 1995/11/23 v1.03 Indent first paragraph (DPC)
)
("C:\Users\radum\AppData\Local\Programs\MiKTeX 2.9\tex/latex/enumitem\enumitem.
sty"
Package: enumitem 2019/06/20 v3.9 Customized lists
\labelindent=\skip46
\enit@outerparindent=\dimen111
\enit@toks=\toks16
\enit@inbox=\box27
\enit@count@id=\count91
\enitdp@description=\count92
)
("C:\Users\radum\AppData\Local\Programs\MiKTeX 2.9\tex/latex/graphics\graphicx.
sty"
Package: graphicx 2017/06/01 v1.1a Enhanced LaTeX Graphics (DPC,SPQR)

("C:\Users\radum\AppData\Local\Programs\MiKTeX 2.9\tex/latex/graphics\graphics.
sty"
Package: graphics 2019/07/20 v1.3b Standard LaTeX Graphics (DPC,SPQR)

("C:\Users\radum\AppData\Local\Programs\MiKTeX 2.9\tex/latex/graphics\trig.sty"
Package: trig 2016/01/03 v1.10 sin cos tan (DPC)
)
("C:\Users\radum\AppData\Local\Programs\MiKTeX 2.9\tex/latex/graphics-cfg\graph
ics.cfg"
File: graphics.cfg 2016/06/04 v1.11 sample graphics configuration
)
Package graphics Info: Driver file: pdftex.def on input line 105.

("C:\Users\radum\AppData\Local\Programs\MiKTeX 2.9\tex/latex/graphics-def\pdfte
x.def"
File: pdftex.def 2018/01/08 v1.0l Graphics/color driver for pdftex
))
\Gin@req@height=\dimen112
\Gin@req@width=\dimen113
)

LaTeX Warning: Unused global option(s):
    [a4papaer].

(documentatie.aux)
\openout1 = `documentatie.aux'.

LaTeX Font Info:    Checking defaults for OML/cmm/m/it on input line 10.
LaTeX Font Info:    ... okay on input line 10.
LaTeX Font Info:    Checking defaults for T1/cmr/m/n on input line 10.
LaTeX Font Info:    ... okay on input line 10.
LaTeX Font Info:    Checking defaults for OT1/cmr/m/n on input line 10.
LaTeX Font Info:    ... okay on input line 10.
LaTeX Font Info:    Checking defaults for OMS/cmsy/m/n on input line 10.
LaTeX Font Info:    ... okay on input line 10.
LaTeX Font Info:    Checking defaults for OMX/cmex/m/n on input line 10.
LaTeX Font Info:    ... okay on input line 10.
LaTeX Font Info:    Checking defaults for U/cmr/m/n on input line 10.
LaTeX Font Info:    ... okay on input line 10.

*geometry* driver: auto-detecting
*geometry* detected driver: pdftex
*geometry* verbose mode - [ preamble ] result:
* driver: pdftex
* paper: <default>
* layout: <same size as paper>
* layoutoffset:(h,v)=(0.0pt,0.0pt)
* modes: 
* h-part:(L,W,R)=(92.14519pt, 430.00462pt, 92.14519pt)
* v-part:(T,H,B)=(95.39737pt, 556.47656pt, 143.09605pt)
* \paperwidth=614.295pt
* \paperheight=794.96999pt
* \textwidth=430.00462pt
* \textheight=556.47656pt
* \oddsidemargin=19.8752pt
* \evensidemargin=19.8752pt
* \topmargin=-13.87262pt
* \headheight=12.0pt
* \headsep=25.0pt
* \topskip=12.0pt
* \footskip=30.0pt
* \marginparwidth=44.0pt
* \marginparsep=10.0pt
* \columnsep=10.0pt
* \skip\footins=10.8pt plus 4.0pt minus 2.0pt
* \hoffset=0.0pt
* \voffset=0.0pt
* \mag=1000
* \@twocolumnfalse
* \@twosidefalse
* \@mparswitchfalse
* \@reversemarginfalse
* (1in=72.27pt=25.4mm, 1cm=28.453pt)


("C:\Users\radum\AppData\Local\Programs\MiKTeX 2.9\tex/latex/oberdiek\epstopdf-
base.sty"
Package: epstopdf-base 2016/05/15 v2.6 Base part for package epstopdf

("C:\Users\radum\AppData\Local\Programs\MiKTeX 2.9\tex/generic/oberdiek\infware
rr.sty"
Package: infwarerr 2016/05/16 v1.4 Providing info/warning/error messages (HO)
)
("C:\Users\radum\AppData\Local\Programs\MiKTeX 2.9\tex/latex/oberdiek\grfext.st
y"
Package: grfext 2016/05/16 v1.2 Manage graphics extensions (HO)

("C:\Users\radum\AppData\Local\Programs\MiKTeX 2.9\tex/generic/oberdiek\kvdefin
ekeys.sty"
Package: kvdefinekeys 2016/05/16 v1.4 Define keys (HO)

("C:\Users\radum\AppData\Local\Programs\MiKTeX 2.9\tex/generic/oberdiek\ltxcmds
.sty"
Package: ltxcmds 2016/05/16 v1.23 LaTeX kernel commands for general use (HO)
)))
("C:\Users\radum\AppData\Local\Programs\MiKTeX 2.9\tex/latex/oberdiek\kvoptions
.sty"
Package: kvoptions 2016/05/16 v3.12 Key value format for package options (HO)

("C:\Users\radum\AppData\Local\Programs\MiKTeX 2.9\tex/generic/oberdiek\kvsetke
ys.sty"
Package: kvsetkeys 2016/05/16 v1.17 Key value parser (HO)

("C:\Users\radum\AppData\Local\Programs\MiKTeX 2.9\tex/generic/oberdiek\etexcmd
s.sty"
Package: etexcmds 2016/05/16 v1.6 Avoid name clashes with e-TeX commands (HO)

("C:\Users\radum\AppData\Local\Programs\MiKTeX 2.9\tex/generic/oberdiek\ifluate
x.sty"
Package: ifluatex 2016/05/16 v1.4 Provides the ifluatex switch (HO)
Package ifluatex Info: LuaTeX not detected.
))))
("C:\Users\radum\AppData\Local\Programs\MiKTeX 2.9\tex/generic/oberdiek\pdftexc
mds.sty"
Package: pdftexcmds 2019/07/25 v0.30 Utility functions of pdfTeX for LuaTeX (HO
)
Package pdftexcmds Info: LuaTeX not detected.
Package pdftexcmds Info: \pdf@primitive is available.
Package pdftexcmds Info: \pdf@ifprimitive is available.
Package pdftexcmds Info: \pdfdraftmode found.
)
Package epstopdf-base Info: Redefining graphics rule for `.eps' on input line 4
38.
Package grfext Info: Graphics extension search list:
(grfext)             [.pdf,.png,.jpg,.mps,.jpeg,.jbig2,.jb2,.PDF,.PNG,.JPG,.JPE
G,.JBIG2,.JB2,.eps]
(grfext)             \AppendGraphicsExtensions on input line 456.
) [1

{C:/Users/radum/AppData/Local/MiKTeX/2.9/pdftex/config/pdftex.map}]
LaTeX Font Info:    External font `cmex10' loaded for size
(Font)              <17.28> on input line 50.
LaTeX Font Info:    External font `cmex10' loaded for size
(Font)              <12> on input line 50.
LaTeX Font Info:    External font `cmex10' loaded for size
(Font)              <8> on input line 51.
LaTeX Font Info:    External font `cmex10' loaded for size
(Font)              <6> on input line 51.
 [1] [2]
<./images/diagrama.png, id=16, 627.84563pt x 316.93407pt>
File: ./images/diagrama.png Graphic file (type png)
<use ./images/diagrama.png>
Package pdftex.def Info: ./images/diagrama.png  used on input line 116.
(pdftex.def)             Requested size: 470.88306pt x 237.69997pt.

Underfull \hbox (badness 10000) in paragraph at lines 87--117

 []


Underfull \hbox (badness 10000) in paragraph at lines 87--117

 []


Underfull \hbox (badness 10000) in paragraph at lines 87--117

 []


Overfull \hbox (40.87843pt too wide) in paragraph at lines 87--117
[] 
 []


Underfull \hbox (badness 10000) in paragraph at lines 119--127

 []

[3 <./images/diagrama.png>]
Underfull \hbox (badness 10000) in paragraph at lines 128--168

 []


Underfull \hbox (badness 10000) in paragraph at lines 128--168

 []

<./images/Accuracy-Epoch-Benchmark.png, id=22, 462.528pt x 344.0052pt>
File: ./images/Accuracy-Epoch-Benchmark.png Graphic file (type png)
<use ./images/Accuracy-Epoch-Benchmark.png>
Package pdftex.def Info: ./images/Accuracy-Epoch-Benchmark.png  used on input l
ine 169.
(pdftex.def)             Requested size: 231.26343pt x 172.00217pt.
<./images/Loss-Epochs-Benchmark.png, id=23, 462.528pt x 344.0052pt>
File: ./images/Loss-Epochs-Benchmark.png Graphic file (type png)
<use ./images/Loss-Epochs-Benchmark.png>
Package pdftex.def Info: ./images/Loss-Epochs-Benchmark.png  used on input line
 170.
(pdftex.def)             Requested size: 231.26343pt x 172.00217pt.
<./images/Accuracy-Epochs.png, id=24, 462.528pt x 344.0052pt>
File: ./images/Accuracy-Epochs.png Graphic file (type png)
<use ./images/Accuracy-Epochs.png>
Package pdftex.def Info: ./images/Accuracy-Epochs.png  used on input line 225.
(pdftex.def)             Requested size: 231.26343pt x 172.00217pt.
<./images/Loss-Epochs.png, id=25, 462.528pt x 344.0052pt>
File: ./images/Loss-Epochs.png Graphic file (type png)
<use ./images/Loss-Epochs.png>
Package pdftex.def Info: ./images/Loss-Epochs.png  used on input line 226.
(pdftex.def)             Requested size: 231.26343pt x 172.00217pt.

Overfull \hbox (52.75813pt too wide) in paragraph at lines 169--227
[][] [] 
 []


Underfull \hbox (badness 10000) in paragraph at lines 169--227

 []


Overfull \hbox (35.13332pt too wide) in paragraph at lines 169--227
[] [] 
 []

[4 <./images/Accuracy-Epoch-Benchmark.png> <./images/Loss-Epochs-Benchmark.png>
]
Underfull \hbox (badness 10000) in paragraph at lines 229--257

 []

[5 <./images/Accuracy-Epochs.png> <./images/Loss-Epochs.png>] [6]
Overfull \hbox (4.99275pt too wide) in paragraph at lines 268--282
\OT1/cmr/m/n/17.28 matic Seg-men-ta-tion for 3D Car-diac CT Vol-umes Us-ing Mar
ginal
 []


Underfull \hbox (badness 10000) in paragraph at lines 268--282

 []


Underfull \hbox (badness 10000) in paragraph at lines 268--282

 []


Underfull \hbox (badness 10000) in paragraph at lines 268--282

 []


Underfull \hbox (badness 10000) in paragraph at lines 268--282

 []


Underfull \hbox (badness 10000) in paragraph at lines 286--306

 []


Underfull \hbox (badness 10000) in paragraph at lines 286--306

 []


Underfull \hbox (badness 10000) in paragraph at lines 286--306

 []


Underfull \hbox (badness 10000) in paragraph at lines 286--306

 []

[7]
Underfull \hbox (badness 10000) in paragraph at lines 310--324

 []


Underfull \hbox (badness 10000) in paragraph at lines 310--324

 []


Underfull \hbox (badness 10000) in paragraph at lines 310--324

 []


Underfull \hbox (badness 10000) in paragraph at lines 310--324

 []


Underfull \hbox (badness 10000) in paragraph at lines 310--324

 []


Underfull \hbox (badness 10000) in paragraph at lines 310--324

 []

[8]
Underfull \hbox (badness 10000) in paragraph at lines 339--349

 []


Underfull \hbox (badness 10000) in paragraph at lines 339--349

 []

[9] (documentatie.aux) ) 
Here is how much of TeX's memory you used:
 2103 strings out of 492452
 33195 string characters out of 3120063
 110722 words of memory out of 3000000
 6444 multiletter control sequences out of 15000+200000
 9735 words of font info for 34 fonts, out of 3000000 for 9000
 1141 hyphenation exceptions out of 8191
 46i,6n,30p,708b,247s stack positions out of 5000i,500n,10000p,200000b,50000s
<C:/Users/radum/AppData/Local/Programs/MiKTeX 2.9/fonts
/type1/public/amsfonts/cm/cmbx10.pfb><C:/Users/radum/AppData/Local/Programs/MiK
TeX 2.9/fonts/type1/public/amsfonts/cm/cmbx12.pfb><C:/Users/radum/AppData/Local
/Programs/MiKTeX 2.9/fonts/type1/public/amsfonts/cm/cmbx6.pfb><C:/Users/radum/A
ppData/Local/Programs/MiKTeX 2.9/fonts/type1/public/amsfonts/cm/cmr10.pfb><C:/U
sers/radum/AppData/Local/Programs/MiKTeX 2.9/fonts/type1/public/amsfonts/cm/cmr
12.pfb><C:/Users/radum/AppData/Local/Programs/MiKTeX 2.9/fonts/type1/public/ams
fonts/cm/cmr17.pfb><C:/Users/radum/AppData/Local/Programs/MiKTeX 2.9/fonts/type
1/public/amsfonts/cm/cmr6.pfb>
Output written on documentatie.pdf (10 pages, 195809 bytes).
PDF statistics:
 74 PDF objects out of 1000 (max. 8388607)
 0 named destinations out of 1000 (max. 500000)
 26 words of extra memory for PDF output out of 10000 (max. 10000000)

